Using pre-set license
Built from '2020.3/release' branch; Version is '2020.3.7f1 (dd97f2c94397) revision 14522354'; Using compiler version '192528614'; Build Type 'Release'
OS: 'Windows 10 Pro; OS build 19042.1237; Version 2009; 64bit' Language: 'en' Physical Memory: 16332 MB
BatchMode: 1, IsHumanControllingUs: 0, StartBugReporterOnCrash: 0, Is64bit: 1, IsPro: 0

 COMMAND LINE ARGUMENTS:
C:\Users\Julaxe\Documents\dev\Unity\2020.3.7f1\Editor\Unity.exe
-adb2
-batchMode
-noUpm
-name
AssetImportWorker0
-projectPath
C:/Users/Julaxe/Documents/dev/GBC/GameEnginelll/Game-Engines-III-Labs/Labs
-logFile
Logs/AssetImportWorker0.log
-srvPort
63118
Successfully changed project path to: C:/Users/Julaxe/Documents/dev/GBC/GameEnginelll/Game-Engines-III-Labs/Labs
C:/Users/Julaxe/Documents/dev/GBC/GameEnginelll/Game-Engines-III-Labs/Labs
Using Asset Import Pipeline V2.
Refreshing native plugins compatible for Editor in 49.70 ms, found 1 plugins.
Preloading 0 native plugins for Editor in 0.00 ms.
Initialize engine version: 2020.3.7f1 (dd97f2c94397)
[Subsystems] Discovering subsystems at path C:/Users/Julaxe/Documents/dev/Unity/2020.3.7f1/Editor/Data/Resources/UnitySubsystems
[Subsystems] Discovering subsystems at path C:/Users/Julaxe/Documents/dev/GBC/GameEnginelll/Game-Engines-III-Labs/Labs/Assets
GfxDevice: creating device client; threaded=0
Direct3D:
    Version:  Direct3D 11.0 [level 11.1]
    Renderer: Radeon RX 570 Series (ID=0x67df)
    Vendor:   
    VRAM:     4075 MB
    Driver:   27.20.22001.14011
Shader 'Universal Render Pipeline/Particles/Lit': fallback shader 'Universal Render Pipeline/Particles/SimpleLit' not found
Initialize mono
Mono path[0] = 'C:/Users/Julaxe/Documents/dev/Unity/2020.3.7f1/Editor/Data/Managed'
Mono path[1] = 'C:/Users/Julaxe/Documents/dev/Unity/2020.3.7f1/Editor/Data/MonoBleedingEdge/lib/mono/unityjit'
Mono config path = 'C:/Users/Julaxe/Documents/dev/Unity/2020.3.7f1/Editor/Data/MonoBleedingEdge/etc'
Using monoOptions --debugger-agent=transport=dt_socket,embedding=1,server=y,suspend=n,address=127.0.0.1:56408
Begin MonoManager ReloadAssembly
Registering precompiled unity dll's ...
Register platform support module: C:/Users/Julaxe/Documents/dev/Unity/2020.3.7f1/Editor/Data/PlaybackEngines/WindowsStandaloneSupport/UnityEditor.WindowsStandalone.Extensions.dll
Registered in 0.001742 seconds.
Native extension for WindowsStandalone target not found
Refreshing native plugins compatible for Editor in 53.12 ms, found 1 plugins.
Preloading 0 native plugins for Editor in 0.00 ms.
Mono: successfully reloaded assembly
- Completed reload, in  1.831 seconds
Platform modules already initialized, skipping
Registering precompiled user dll's ...
Registered in 0.001598 seconds.
Begin MonoManager ReloadAssembly
Native extension for WindowsStandalone target not found
Refreshing native plugins compatible for Editor in 52.79 ms, found 1 plugins.
Preloading 0 native plugins for Editor in 0.00 ms.
Mono: successfully reloaded assembly
- Completed reload, in  0.946 seconds
Platform modules already initialized, skipping
========================================================================
Worker process is ready to serve import requests
Shader 'Universal Render Pipeline/Particles/Lit': fallback shader 'Universal Render Pipeline/Particles/SimpleLit' not found
Launched and connected shader compiler UnityShaderCompiler.exe after 0.04 seconds
Refreshing native plugins compatible for Editor in 0.73 ms, found 1 plugins.
Preloading 0 native plugins for Editor in 0.00 ms.
Unloading 2965 Unused Serialized files (Serialized files now loaded: 0)
System memory in use before: 145.7 MB.
System memory in use after: 145.8 MB.

Unloading 25 unused Assets to reduce memory usage. Loaded Objects now: 3421.
Total: 3.634100 ms (FindLiveObjects: 0.714200 ms CreateObjectMapping: 0.083800 ms MarkObjects: 2.670400 ms  DeleteObjects: 0.164200 ms)

========================================================================
Received Import Request.
  path: Assets/Top Down Adventure Assets/Visuals/CHARACTERS/npc/hood/poor-kid1.png
  artifactKey: Guid(9d96818e7b4ba4fedb4f5e03a7ffe741) Importer(815301076,1909f56bfc062723c751e8b465ee728b)
Start importing Assets/Top Down Adventure Assets/Visuals/CHARACTERS/npc/hood/poor-kid1.png using Guid(9d96818e7b4ba4fedb4f5e03a7ffe741) Importer(815301076,1909f56bfc062723c751e8b465ee728b)  -> (artifact id: '964061cfe4b49c051c5b1a03da525804') in 0.130076 seconds
  Import took 0.135192 seconds .

========================================================================
Received Import Request.
  Time since last request: 34.644730 seconds.
  path: Assets/Top Down Adventure Assets/Visuals/CHARACTERS/npc/kid/1.png
  artifactKey: Guid(d14cecebfff034ba39a49cc38e95e1b8) Importer(815301076,1909f56bfc062723c751e8b465ee728b)
Start importing Assets/Top Down Adventure Assets/Visuals/CHARACTERS/npc/kid/1.png using Guid(d14cecebfff034ba39a49cc38e95e1b8) Importer(815301076,1909f56bfc062723c751e8b465ee728b)  -> (artifact id: 'd3c0515abead367599e4fad7eb94f294') in 0.014164 seconds
  Import took 0.019531 seconds .

========================================================================
Received Import Request.
  Time since last request: 0.043222 seconds.
  path: Assets/Top Down Adventure Assets/Visuals/CHARACTERS/npc/kid/1.png
  artifactKey: Guid(d14cecebfff034ba39a49cc38e95e1b8) Importer(815301076,1909f56bfc062723c751e8b465ee728b)
Start importing Assets/Top Down Adventure Assets/Visuals/CHARACTERS/npc/kid/1.png using Guid(d14cecebfff034ba39a49cc38e95e1b8) Importer(815301076,1909f56bfc062723c751e8b465ee728b)  -> (artifact id: 'd3c0515abead367599e4fad7eb94f294') in 0.006354 seconds
  Import took 0.011251 seconds .

========================================================================
Received Import Request.
  Time since last request: 564.067590 seconds.
  path: Assets/Animations/UI/ShowBattle.anim
  artifactKey: Guid(3a8e9ad789448934599ef819f09fab43) Importer(815301076,1909f56bfc062723c751e8b465ee728b)
Start importing Assets/Animations/UI/ShowBattle.anim using Guid(3a8e9ad789448934599ef819f09fab43) Importer(815301076,1909f56bfc062723c751e8b465ee728b)  -> (artifact id: 'b9490c27bd5d33ee2b9d9abbe1721e70') in 0.009190 seconds
  Import took 0.014595 seconds .

========================================================================
Received Import Request.
  Time since last request: 0.001742 seconds.
  path: Assets/Animations/UI/ShowBattle.anim
  artifactKey: Guid(3a8e9ad789448934599ef819f09fab43) Importer(815301076,1909f56bfc062723c751e8b465ee728b)
Start importing Assets/Animations/UI/ShowBattle.anim using Guid(3a8e9ad789448934599ef819f09fab43) Importer(815301076,1909f56bfc062723c751e8b465ee728b)  -> (artifact id: 'b9490c27bd5d33ee2b9d9abbe1721e70') in 0.002419 seconds
  Import took 0.006672 seconds .

========================================================================
Received Prepare
Registering precompiled user dll's ...
Registered in 0.001749 seconds.
Begin MonoManager ReloadAssembly
Native extension for WindowsStandalone target not found
Refreshing native plugins compatible for Editor in 0.67 ms, found 1 plugins.
Preloading 0 native plugins for Editor in 0.00 ms.
Mono: successfully reloaded assembly
- Completed reload, in  0.869 seconds
Platform modules already initialized, skipping
Shader 'Universal Render Pipeline/Particles/Lit': fallback shader 'Universal Render Pipeline/Particles/SimpleLit' not found
Refreshing native plugins compatible for Editor in 0.71 ms, found 1 plugins.
Preloading 0 native plugins for Editor in 0.00 ms.
Unloading 2843 Unused Serialized files (Serialized files now loaded: 0)
System memory in use before: 140.4 MB.
System memory in use after: 140.5 MB.

Unloading 13 unused Assets to reduce memory usage. Loaded Objects now: 3431.
Total: 2.527500 ms (FindLiveObjects: 0.344600 ms CreateObjectMapping: 0.072100 ms MarkObjects: 1.985700 ms  DeleteObjects: 0.124200 ms)

========================================================================
Received Import Request.
  Time since last request: 35.335362 seconds.
  path: Assets/Scripts/CharacterMovement.cs
  artifactKey: Guid(041635fea9ef46b4880a1e20575d0afe) Importer(815301076,1909f56bfc062723c751e8b465ee728b)
Start importing Assets/Scripts/CharacterMovement.cs using Guid(041635fea9ef46b4880a1e20575d0afe) Importer(815301076,1909f56bfc062723c751e8b465ee728b)  -> (artifact id: '24f5e5b16bff60339ea4d17e8d8c01e7') in 0.016683 seconds
  Import took 0.021666 seconds .

========================================================================
Received Import Request.
  Time since last request: 0.008969 seconds.
  path: Assets/Scripts/CharacterMovement.cs
  artifactKey: Guid(041635fea9ef46b4880a1e20575d0afe) Importer(815301076,1909f56bfc062723c751e8b465ee728b)
Start importing Assets/Scripts/CharacterMovement.cs using Guid(041635fea9ef46b4880a1e20575d0afe) Importer(815301076,1909f56bfc062723c751e8b465ee728b)  -> (artifact id: '24f5e5b16bff60339ea4d17e8d8c01e7') in 0.002095 seconds
  Import took 0.006189 seconds .

========================================================================
Received Prepare
Registering precompiled user dll's ...
Registered in 0.001598 seconds.
Begin MonoManager ReloadAssembly
Native extension for WindowsStandalone target not found
Refreshing native plugins compatible for Editor in 0.71 ms, found 1 plugins.
Preloading 0 native plugins for Editor in 0.00 ms.
Mono: successfully reloaded assembly
- Completed reload, in  0.859 seconds
Platform modules already initialized, skipping
Shader 'Universal Render Pipeline/Particles/Lit': fallback shader 'Universal Render Pipeline/Particles/SimpleLit' not found
Refreshing native plugins compatible for Editor in 0.64 ms, found 1 plugins.
Preloading 0 native plugins for Editor in 0.00 ms.
Unloading 2843 Unused Serialized files (Serialized files now loaded: 0)
System memory in use before: 140.5 MB.
System memory in use after: 140.6 MB.

Unloading 13 unused Assets to reduce memory usage. Loaded Objects now: 3435.
Total: 3.428200 ms (FindLiveObjects: 0.589300 ms CreateObjectMapping: 0.116900 ms MarkObjects: 2.556800 ms  DeleteObjects: 0.163500 ms)

========================================================================
Received Import Request.
  Time since last request: 36.404296 seconds.
  path: Assets/Scripts/BattleManager.cs
  artifactKey: Guid(cd0cb245adf39544da2c61b288243060) Importer(815301076,1909f56bfc062723c751e8b465ee728b)
Start importing Assets/Scripts/BattleManager.cs using Guid(cd0cb245adf39544da2c61b288243060) Importer(815301076,1909f56bfc062723c751e8b465ee728b)  -> (artifact id: 'e517f06273006c04b401e4e03c143be8') in 0.011851 seconds
  Import took 0.018427 seconds .

========================================================================
Received Prepare
Registering precompiled user dll's ...
Registered in 0.001529 seconds.
Begin MonoManager ReloadAssembly
Native extension for WindowsStandalone target not found
Refreshing native plugins compatible for Editor in 0.67 ms, found 1 plugins.
Preloading 0 native plugins for Editor in 0.00 ms.
Mono: successfully reloaded assembly
- Completed reload, in  0.923 seconds
Platform modules already initialized, skipping
Shader 'Universal Render Pipeline/Particles/Lit': fallback shader 'Universal Render Pipeline/Particles/SimpleLit' not found
Refreshing native plugins compatible for Editor in 1.46 ms, found 1 plugins.
Preloading 0 native plugins for Editor in 0.00 ms.
Unloading 2844 Unused Serialized files (Serialized files now loaded: 0)
System memory in use before: 140.5 MB.
System memory in use after: 140.6 MB.

Unloading 13 unused Assets to reduce memory usage. Loaded Objects now: 3440.
Total: 3.607500 ms (FindLiveObjects: 0.917100 ms CreateObjectMapping: 0.076700 ms MarkObjects: 2.435200 ms  DeleteObjects: 0.175900 ms)

========================================================================
Received Import Request.
  Time since last request: 328.428563 seconds.
  path: Assets/Scripts/BattleManager.cs
  artifactKey: Guid(cd0cb245adf39544da2c61b288243060) Importer(815301076,1909f56bfc062723c751e8b465ee728b)
Start importing Assets/Scripts/BattleManager.cs using Guid(cd0cb245adf39544da2c61b288243060) Importer(815301076,1909f56bfc062723c751e8b465ee728b)  -> (artifact id: '24d7834008fd3c1839e90a1a22d4dbda') in 0.011082 seconds
  Import took 0.017320 seconds .

========================================================================
Received Prepare
Registering precompiled user dll's ...
Registered in 0.001683 seconds.
Begin MonoManager ReloadAssembly
Native extension for WindowsStandalone target not found
Refreshing native plugins compatible for Editor in 0.65 ms, found 1 plugins.
Preloading 0 native plugins for Editor in 0.00 ms.
Mono: successfully reloaded assembly
- Completed reload, in  0.861 seconds
Platform modules already initialized, skipping
Shader 'Universal Render Pipeline/Particles/Lit': fallback shader 'Universal Render Pipeline/Particles/SimpleLit' not found
Refreshing native plugins compatible for Editor in 0.83 ms, found 1 plugins.
Preloading 0 native plugins for Editor in 0.00 ms.
Unloading 2844 Unused Serialized files (Serialized files now loaded: 0)
System memory in use before: 140.6 MB.
System memory in use after: 140.7 MB.

Unloading 13 unused Assets to reduce memory usage. Loaded Objects now: 3444.
Total: 2.649700 ms (FindLiveObjects: 0.438700 ms CreateObjectMapping: 0.082100 ms MarkObjects: 1.993500 ms  DeleteObjects: 0.134500 ms)

========================================================================
Received Import Request.
  Time since last request: 38.930101 seconds.
  path: Assets/Scripts/BattleAnimator.cs
  artifactKey: Guid(1d3804d0300518948af2edc6896a2790) Importer(815301076,1909f56bfc062723c751e8b465ee728b)
Start importing Assets/Scripts/BattleAnimator.cs using Guid(1d3804d0300518948af2edc6896a2790) Importer(815301076,1909f56bfc062723c751e8b465ee728b)  -> (artifact id: '18a0df01708121e8cae9c4982fa380d7') in 0.011927 seconds
  Import took 0.018237 seconds .

========================================================================
Received Import Request.
  Time since last request: 0.013259 seconds.
  path: Assets/Scripts/BattleAnimator.cs
  artifactKey: Guid(1d3804d0300518948af2edc6896a2790) Importer(815301076,1909f56bfc062723c751e8b465ee728b)
Start importing Assets/Scripts/BattleAnimator.cs using Guid(1d3804d0300518948af2edc6896a2790) Importer(815301076,1909f56bfc062723c751e8b465ee728b)  -> (artifact id: '18a0df01708121e8cae9c4982fa380d7') in 0.002237 seconds
  Import took 0.007762 seconds .

========================================================================
Received Prepare
Registering precompiled user dll's ...
Registered in 0.001633 seconds.
Begin MonoManager ReloadAssembly
Native extension for WindowsStandalone target not found
Refreshing native plugins compatible for Editor in 0.68 ms, found 1 plugins.
Preloading 0 native plugins for Editor in 0.00 ms.
Mono: successfully reloaded assembly
- Completed reload, in  0.906 seconds
Platform modules already initialized, skipping
Shader 'Universal Render Pipeline/Particles/Lit': fallback shader 'Universal Render Pipeline/Particles/SimpleLit' not found
Refreshing native plugins compatible for Editor in 0.87 ms, found 1 plugins.
Preloading 0 native plugins for Editor in 0.00 ms.
Unloading 2845 Unused Serialized files (Serialized files now loaded: 0)
System memory in use before: 140.6 MB.
System memory in use after: 140.7 MB.

Unloading 13 unused Assets to reduce memory usage. Loaded Objects now: 3449.
Total: 2.925100 ms (FindLiveObjects: 0.535100 ms CreateObjectMapping: 0.072200 ms MarkObjects: 2.161900 ms  DeleteObjects: 0.154000 ms)

========================================================================
Received Prepare
Registering precompiled user dll's ...
Registered in 0.001779 seconds.
Begin MonoManager ReloadAssembly
Native extension for WindowsStandalone target not found
Refreshing native plugins compatible for Editor in 0.72 ms, found 1 plugins.
Preloading 0 native plugins for Editor in 0.00 ms.
Mono: successfully reloaded assembly
- Completed reload, in  0.882 seconds
Platform modules already initialized, skipping
Shader 'Universal Render Pipeline/Particles/Lit': fallback shader 'Universal Render Pipeline/Particles/SimpleLit' not found
Refreshing native plugins compatible for Editor in 0.66 ms, found 1 plugins.
Preloading 0 native plugins for Editor in 0.00 ms.
Unloading 2845 Unused Serialized files (Serialized files now loaded: 0)
System memory in use before: 140.6 MB.
System memory in use after: 140.7 MB.

Unloading 13 unused Assets to reduce memory usage. Loaded Objects now: 3453.
Total: 2.888200 ms (FindLiveObjects: 0.584300 ms CreateObjectMapping: 0.099000 ms MarkObjects: 2.045300 ms  DeleteObjects: 0.156900 ms)

========================================================================
Received Import Request.
  Time since last request: 530.402729 seconds.
  path: Assets/Scripts/BattleAnimator.cs
  artifactKey: Guid(1d3804d0300518948af2edc6896a2790) Importer(815301076,1909f56bfc062723c751e8b465ee728b)
Start importing Assets/Scripts/BattleAnimator.cs using Guid(1d3804d0300518948af2edc6896a2790) Importer(815301076,1909f56bfc062723c751e8b465ee728b)  -> (artifact id: 'b2e527e9da03bb1cfc58693baa6b3704') in 0.007315 seconds
  Import took 0.012862 seconds .

========================================================================
Received Import Request.
  Time since last request: 26.388243 seconds.
  path: Assets/Animations/UI/Battle.controller
  artifactKey: Guid(9dd3ed6bad1092545a491b38c2027f1c) Importer(815301076,1909f56bfc062723c751e8b465ee728b)
Start importing Assets/Animations/UI/Battle.controller using Guid(9dd3ed6bad1092545a491b38c2027f1c) Importer(815301076,1909f56bfc062723c751e8b465ee728b)  -> (artifact id: '9ae00a6a385c95020fe12e648c05b962') in 0.017958 seconds
  Import took 0.023280 seconds .

========================================================================
Received Prepare
Registering precompiled user dll's ...
Registered in 0.001571 seconds.
Begin MonoManager ReloadAssembly
Native extension for WindowsStandalone target not found
Refreshing native plugins compatible for Editor in 0.69 ms, found 1 plugins.
Preloading 0 native plugins for Editor in 0.00 ms.
Mono: successfully reloaded assembly
- Completed reload, in  0.863 seconds
Platform modules already initialized, skipping
Shader 'Universal Render Pipeline/Particles/Lit': fallback shader 'Universal Render Pipeline/Particles/SimpleLit' not found
Refreshing native plugins compatible for Editor in 0.65 ms, found 1 plugins.
Preloading 0 native plugins for Editor in 0.00 ms.
Unloading 2845 Unused Serialized files (Serialized files now loaded: 0)
System memory in use before: 140.6 MB.
System memory in use after: 140.7 MB.

Unloading 13 unused Assets to reduce memory usage. Loaded Objects now: 3457.
Total: 3.050500 ms (FindLiveObjects: 0.558500 ms CreateObjectMapping: 0.092100 ms MarkObjects: 2.251400 ms  DeleteObjects: 0.146800 ms)

========================================================================
Received Prepare
Registering precompiled user dll's ...
Registered in 0.001687 seconds.
Begin MonoManager ReloadAssembly
Native extension for WindowsStandalone target not found
Refreshing native plugins compatible for Editor in 0.69 ms, found 1 plugins.
Preloading 0 native plugins for Editor in 0.00 ms.
Mono: successfully reloaded assembly
- Completed reload, in  0.942 seconds
Platform modules already initialized, skipping
Shader 'Universal Render Pipeline/Particles/Lit': fallback shader 'Universal Render Pipeline/Particles/SimpleLit' not found
Refreshing native plugins compatible for Editor in 0.91 ms, found 1 plugins.
Preloading 0 native plugins for Editor in 0.00 ms.
Unloading 2845 Unused Serialized files (Serialized files now loaded: 0)
System memory in use before: 140.6 MB.
System memory in use after: 140.7 MB.

Unloading 13 unused Assets to reduce memory usage. Loaded Objects now: 3461.
Total: 3.203300 ms (FindLiveObjects: 0.512700 ms CreateObjectMapping: 0.071700 ms MarkObjects: 2.404000 ms  DeleteObjects: 0.213400 ms)

========================================================================
Received Import Request.
  Time since last request: 173.920560 seconds.
  path: Assets/Animations/UI/Background.controller
  artifactKey: Guid(164aed6dc31f31f46a3386526daec93e) Importer(815301076,1909f56bfc062723c751e8b465ee728b)
Start importing Assets/Animations/UI/Background.controller using Guid(164aed6dc31f31f46a3386526daec93e) Importer(815301076,1909f56bfc062723c751e8b465ee728b)  -> (artifact id: '19112d606722766dcff723c6ecd90bdc') in 0.020025 seconds
  Import took 0.025885 seconds .

========================================================================
Received Import Request.
  Time since last request: 0.000465 seconds.
  path: Assets/Animations/UI/Background.controller
  artifactKey: Guid(164aed6dc31f31f46a3386526daec93e) Importer(815301076,1909f56bfc062723c751e8b465ee728b)
Start importing Assets/Animations/UI/Background.controller using Guid(164aed6dc31f31f46a3386526daec93e) Importer(815301076,1909f56bfc062723c751e8b465ee728b)  -> (artifact id: '19112d606722766dcff723c6ecd90bdc') in 0.003333 seconds
  Import took 0.007896 seconds .

========================================================================
Received Prepare
Registering precompiled user dll's ...
Registered in 0.002187 seconds.
Begin MonoManager ReloadAssembly
Native extension for WindowsStandalone target not found
Refreshing native plugins compatible for Editor in 0.68 ms, found 1 plugins.
Preloading 0 native plugins for Editor in 0.00 ms.
Mono: successfully reloaded assembly
- Completed reload, in  0.881 seconds
Platform modules already initialized, skipping
Shader 'Universal Render Pipeline/Particles/Lit': fallback shader 'Universal Render Pipeline/Particles/SimpleLit' not found
Refreshing native plugins compatible for Editor in 0.69 ms, found 1 plugins.
Preloading 0 native plugins for Editor in 0.00 ms.
Unloading 2845 Unused Serialized files (Serialized files now loaded: 0)
System memory in use before: 140.7 MB.
System memory in use after: 140.7 MB.

Unloading 13 unused Assets to reduce memory usage. Loaded Objects now: 3465.
Total: 2.727800 ms (FindLiveObjects: 0.500800 ms CreateObjectMapping: 0.072600 ms MarkObjects: 2.011700 ms  DeleteObjects: 0.141800 ms)

========================================================================
Received Prepare
Registering precompiled user dll's ...
Registered in 0.001617 seconds.
Begin MonoManager ReloadAssembly
Native extension for WindowsStandalone target not found
Refreshing native plugins compatible for Editor in 0.65 ms, found 1 plugins.
Preloading 0 native plugins for Editor in 0.00 ms.
Mono: successfully reloaded assembly
- Completed reload, in  0.856 seconds
Platform modules already initialized, skipping
Shader 'Universal Render Pipeline/Particles/Lit': fallback shader 'Universal Render Pipeline/Particles/SimpleLit' not found
Refreshing native plugins compatible for Editor in 0.67 ms, found 1 plugins.
Preloading 0 native plugins for Editor in 0.00 ms.
Unloading 2845 Unused Serialized files (Serialized files now loaded: 0)
System memory in use before: 140.6 MB.
System memory in use after: 140.7 MB.

Unloading 13 unused Assets to reduce memory usage. Loaded Objects now: 3469.
Total: 2.662200 ms (FindLiveObjects: 0.490100 ms CreateObjectMapping: 0.072700 ms MarkObjects: 1.968700 ms  DeleteObjects: 0.129500 ms)

========================================================================
Received Prepare
Registering precompiled user dll's ...
Registered in 0.001855 seconds.
Begin MonoManager ReloadAssembly
Native extension for WindowsStandalone target not found
Refreshing native plugins compatible for Editor in 0.67 ms, found 1 plugins.
Preloading 0 native plugins for Editor in 0.00 ms.
Mono: successfully reloaded assembly
- Completed reload, in  0.871 seconds
Platform modules already initialized, skipping
Shader 'Universal Render Pipeline/Particles/Lit': fallback shader 'Universal Render Pipeline/Particles/SimpleLit' not found
Refreshing native plugins compatible for Editor in 0.66 ms, found 1 plugins.
Preloading 0 native plugins for Editor in 0.00 ms.
Unloading 2845 Unused Serialized files (Serialized files now loaded: 0)
System memory in use before: 140.7 MB.
System memory in use after: 140.8 MB.

Unloading 13 unused Assets to reduce memory usage. Loaded Objects now: 3473.
Total: 3.226600 ms (FindLiveObjects: 0.481500 ms CreateObjectMapping: 0.075300 ms MarkObjects: 2.515100 ms  DeleteObjects: 0.153600 ms)

========================================================================
Received Import Request.
  Time since last request: 486.049746 seconds.
  path: Assets/Animations/UI/EndBattle.anim
  artifactKey: Guid(16c0787654be5ab4f841e6d86af7d873) Importer(815301076,1909f56bfc062723c751e8b465ee728b)
Start importing Assets/Animations/UI/EndBattle.anim using Guid(16c0787654be5ab4f841e6d86af7d873) Importer(815301076,1909f56bfc062723c751e8b465ee728b)  -> (artifact id: '81e343f323635ac0d5054a07fb544f4b') in 0.020958 seconds
  Import took 0.028131 seconds .

========================================================================
Received Import Request.
  Time since last request: 0.000451 seconds.
  path: Assets/Animations/UI/EndBattle.anim
  artifactKey: Guid(16c0787654be5ab4f841e6d86af7d873) Importer(815301076,1909f56bfc062723c751e8b465ee728b)
Start importing Assets/Animations/UI/EndBattle.anim using Guid(16c0787654be5ab4f841e6d86af7d873) Importer(815301076,1909f56bfc062723c751e8b465ee728b)  -> (artifact id: '81e343f323635ac0d5054a07fb544f4b') in 0.003001 seconds
  Import took 0.006998 seconds .

========================================================================
Received Prepare
Registering precompiled user dll's ...
Registered in 0.001645 seconds.
Begin MonoManager ReloadAssembly
Native extension for WindowsStandalone target not found
Refreshing native plugins compatible for Editor in 0.85 ms, found 1 plugins.
Preloading 0 native plugins for Editor in 0.00 ms.
Mono: successfully reloaded assembly
- Completed reload, in  0.883 seconds
Platform modules already initialized, skipping
Shader 'Universal Render Pipeline/Particles/Lit': fallback shader 'Universal Render Pipeline/Particles/SimpleLit' not found
Refreshing native plugins compatible for Editor in 0.70 ms, found 1 plugins.
Preloading 0 native plugins for Editor in 0.00 ms.
Unloading 2845 Unused Serialized files (Serialized files now loaded: 0)
System memory in use before: 140.7 MB.
System memory in use after: 140.8 MB.

Unloading 13 unused Assets to reduce memory usage. Loaded Objects now: 3477.
Total: 2.629800 ms (FindLiveObjects: 0.428700 ms CreateObjectMapping: 0.072200 ms MarkObjects: 1.995100 ms  DeleteObjects: 0.132700 ms)

========================================================================
Received Prepare
Registering precompiled user dll's ...
Registered in 0.001676 seconds.
Begin MonoManager ReloadAssembly
Native extension for WindowsStandalone target not found
Refreshing native plugins compatible for Editor in 0.66 ms, found 1 plugins.
Preloading 0 native plugins for Editor in 0.00 ms.
Mono: successfully reloaded assembly
- Completed reload, in  0.881 seconds
Platform modules already initialized, skipping
Shader 'Universal Render Pipeline/Particles/Lit': fallback shader 'Universal Render Pipeline/Particles/SimpleLit' not found
Refreshing native plugins compatible for Editor in 0.76 ms, found 1 plugins.
Preloading 0 native plugins for Editor in 0.00 ms.
Unloading 2845 Unused Serialized files (Serialized files now loaded: 0)
System memory in use before: 140.7 MB.
System memory in use after: 140.8 MB.

Unloading 13 unused Assets to reduce memory usage. Loaded Objects now: 3481.
Total: 2.942900 ms (FindLiveObjects: 0.556200 ms CreateObjectMapping: 0.081700 ms MarkObjects: 2.141100 ms  DeleteObjects: 0.162200 ms)

========================================================================
Received Import Request.
  Time since last request: 189.880975 seconds.
  path: Assets/Scripts/EndBattle.anim
  artifactKey: Guid(2663f801d03befa429b981d99b92609a) Importer(815301076,1909f56bfc062723c751e8b465ee728b)
Start importing Assets/Scripts/EndBattle.anim using Guid(2663f801d03befa429b981d99b92609a) Importer(815301076,1909f56bfc062723c751e8b465ee728b)  -> (artifact id: '6e3cb509511b6e0f7af7ad66ac1b6c54') in 0.014777 seconds
  Import took 0.020410 seconds .

========================================================================
Received Prepare
Registering precompiled user dll's ...
Registered in 0.001496 seconds.
Begin MonoManager ReloadAssembly
Native extension for WindowsStandalone target not found
Refreshing native plugins compatible for Editor in 0.74 ms, found 1 plugins.
Preloading 0 native plugins for Editor in 0.00 ms.
Mono: successfully reloaded assembly
- Completed reload, in  0.860 seconds
Platform modules already initialized, skipping
Shader 'Universal Render Pipeline/Particles/Lit': fallback shader 'Universal Render Pipeline/Particles/SimpleLit' not found
Refreshing native plugins compatible for Editor in 0.65 ms, found 1 plugins.
Preloading 0 native plugins for Editor in 0.00 ms.
Unloading 2845 Unused Serialized files (Serialized files now loaded: 0)
System memory in use before: 140.7 MB.
System memory in use after: 140.8 MB.

Unloading 13 unused Assets to reduce memory usage. Loaded Objects now: 3485.
Total: 2.927600 ms (FindLiveObjects: 0.412700 ms CreateObjectMapping: 0.079100 ms MarkObjects: 2.234500 ms  DeleteObjects: 0.199300 ms)

========================================================================
Received Import Request.
  Time since last request: 9.871739 seconds.
  path: Assets/Pipeline/2D Renderer Data.asset
  artifactKey: Guid(e975b903f6d774647ae75667bb6aed31) Importer(815301076,1909f56bfc062723c751e8b465ee728b)
Start importing Assets/Pipeline/2D Renderer Data.asset using Guid(e975b903f6d774647ae75667bb6aed31) Importer(815301076,1909f56bfc062723c751e8b465ee728b)  -> (artifact id: 'f277a69eeadd700c843e4dce307c15c3') in 0.024547 seconds
  Import took 0.030952 seconds .

========================================================================
Received Import Request.
  Time since last request: 0.000227 seconds.
  path: Assets/Pipeline/UniversalRenderPipelineAsset.asset
  artifactKey: Guid(30ae92163b475804f9321912bc5aa896) Importer(815301076,1909f56bfc062723c751e8b465ee728b)
Start importing Assets/Pipeline/UniversalRenderPipelineAsset.asset using Guid(30ae92163b475804f9321912bc5aa896) Importer(815301076,1909f56bfc062723c751e8b465ee728b)  -> (artifact id: '35885ee285ebb7784a4ceb1b11412657') in 0.009376 seconds
  Import took 0.014885 seconds .

========================================================================
Received Import Request.
  Time since last request: 4.983764 seconds.
  path: Assets/Animations/UI/ShowBattle.anim
  artifactKey: Guid(3a8e9ad789448934599ef819f09fab43) Importer(815301076,1909f56bfc062723c751e8b465ee728b)
Start importing Assets/Animations/UI/ShowBattle.anim using Guid(3a8e9ad789448934599ef819f09fab43) Importer(815301076,1909f56bfc062723c751e8b465ee728b)  -> (artifact id: 'dfb8c3c421a915e65bf195f25c6c6936') in 0.003165 seconds
  Import took 0.010141 seconds .

========================================================================
Received Import Request.
  Time since last request: 0.005070 seconds.
  path: Assets/Animations/UI/ShowBattle.anim
  artifactKey: Guid(3a8e9ad789448934599ef819f09fab43) Importer(815301076,1909f56bfc062723c751e8b465ee728b)
Start importing Assets/Animations/UI/ShowBattle.anim using Guid(3a8e9ad789448934599ef819f09fab43) Importer(815301076,1909f56bfc062723c751e8b465ee728b)  -> (artifact id: 'dfb8c3c421a915e65bf195f25c6c6936') in 0.002943 seconds
  Import took 0.007683 seconds .

========================================================================
Received Prepare
Registering precompiled user dll's ...
Registered in 0.001609 seconds.
Begin MonoManager ReloadAssembly
Native extension for WindowsStandalone target not found
Refreshing native plugins compatible for Editor in 0.69 ms, found 1 plugins.
Preloading 0 native plugins for Editor in 0.00 ms.
Mono: successfully reloaded assembly
- Completed reload, in  0.879 seconds
Platform modules already initialized, skipping
Shader 'Universal Render Pipeline/Particles/Lit': fallback shader 'Universal Render Pipeline/Particles/SimpleLit' not found
Refreshing native plugins compatible for Editor in 0.64 ms, found 1 plugins.
Preloading 0 native plugins for Editor in 0.00 ms.
Unloading 2847 Unused Serialized files (Serialized files now loaded: 0)
System memory in use before: 140.8 MB.
System memory in use after: 140.8 MB.

Unloading 13 unused Assets to reduce memory usage. Loaded Objects now: 3491.
Total: 2.677200 ms (FindLiveObjects: 0.379500 ms CreateObjectMapping: 0.072700 ms MarkObjects: 2.092300 ms  DeleteObjects: 0.131000 ms)

========================================================================
Received Prepare
Registering precompiled user dll's ...
Registered in 0.001680 seconds.
Begin MonoManager ReloadAssembly
Native extension for WindowsStandalone target not found
Refreshing native plugins compatible for Editor in 0.66 ms, found 1 plugins.
Preloading 0 native plugins for Editor in 0.00 ms.
Mono: successfully reloaded assembly
- Completed reload, in  0.877 seconds
Platform modules already initialized, skipping
Shader 'Universal Render Pipeline/Particles/Lit': fallback shader 'Universal Render Pipeline/Particles/SimpleLit' not found
Refreshing native plugins compatible for Editor in 0.70 ms, found 1 plugins.
Preloading 0 native plugins for Editor in 0.00 ms.
Unloading 2845 Unused Serialized files (Serialized files now loaded: 0)
System memory in use before: 140.7 MB.
System memory in use after: 140.8 MB.

Unloading 13 unused Assets to reduce memory usage. Loaded Objects now: 3495.
Total: 3.105500 ms (FindLiveObjects: 0.518800 ms CreateObjectMapping: 0.090300 ms MarkObjects: 2.344700 ms  DeleteObjects: 0.149900 ms)

========================================================================
Received Prepare
Registering precompiled user dll's ...
Registered in 0.001891 seconds.
Begin MonoManager ReloadAssembly
Native extension for WindowsStandalone target not found
Refreshing native plugins compatible for Editor in 0.71 ms, found 1 plugins.
Preloading 0 native plugins for Editor in 0.00 ms.
Mono: successfully reloaded assembly
- Completed reload, in  0.882 seconds
Platform modules already initialized, skipping
Shader 'Universal Render Pipeline/Particles/Lit': fallback shader 'Universal Render Pipeline/Particles/SimpleLit' not found
Refreshing native plugins compatible for Editor in 0.75 ms, found 1 plugins.
Preloading 0 native plugins for Editor in 0.00 ms.
Unloading 2845 Unused Serialized files (Serialized files now loaded: 0)
System memory in use before: 140.7 MB.
System memory in use after: 140.8 MB.

Unloading 13 unused Assets to reduce memory usage. Loaded Objects now: 3499.
Total: 3.200000 ms (FindLiveObjects: 0.704800 ms CreateObjectMapping: 0.219800 ms MarkObjects: 2.133000 ms  DeleteObjects: 0.140800 ms)

========================================================================
Received Prepare
Registering precompiled user dll's ...
Registered in 0.001973 seconds.
Begin MonoManager ReloadAssembly
Native extension for WindowsStandalone target not found
Refreshing native plugins compatible for Editor in 0.67 ms, found 1 plugins.
Preloading 0 native plugins for Editor in 0.00 ms.
Mono: successfully reloaded assembly
- Completed reload, in  0.876 seconds
Platform modules already initialized, skipping
Shader 'Universal Render Pipeline/Particles/Lit': fallback shader 'Universal Render Pipeline/Particles/SimpleLit' not found
Refreshing native plugins compatible for Editor in 0.72 ms, found 1 plugins.
Preloading 0 native plugins for Editor in 0.00 ms.
Unloading 2845 Unused Serialized files (Serialized files now loaded: 0)
System memory in use before: 140.7 MB.
System memory in use after: 140.8 MB.

Unloading 13 unused Assets to reduce memory usage. Loaded Objects now: 3503.
Total: 2.603600 ms (FindLiveObjects: 0.412300 ms CreateObjectMapping: 0.071600 ms MarkObjects: 1.973300 ms  DeleteObjects: 0.145000 ms)

========================================================================
Received Prepare
Registering precompiled user dll's ...
Registered in 0.001724 seconds.
Begin MonoManager ReloadAssembly
Native extension for WindowsStandalone target not found
Refreshing native plugins compatible for Editor in 0.67 ms, found 1 plugins.
Preloading 0 native plugins for Editor in 0.00 ms.
Mono: successfully reloaded assembly
- Completed reload, in  0.853 seconds
Platform modules already initialized, skipping
Shader 'Universal Render Pipeline/Particles/Lit': fallback shader 'Universal Render Pipeline/Particles/SimpleLit' not found
Refreshing native plugins compatible for Editor in 0.66 ms, found 1 plugins.
Preloading 0 native plugins for Editor in 0.00 ms.
Unloading 2845 Unused Serialized files (Serialized files now loaded: 0)
System memory in use before: 140.9 MB.
System memory in use after: 141.0 MB.

Unloading 13 unused Assets to reduce memory usage. Loaded Objects now: 3507.
Total: 2.658900 ms (FindLiveObjects: 0.453400 ms CreateObjectMapping: 0.074000 ms MarkObjects: 1.999100 ms  DeleteObjects: 0.130300 ms)

========================================================================
Received Prepare
Registering precompiled user dll's ...
Registered in 0.002115 seconds.
Begin MonoManager ReloadAssembly
Native extension for WindowsStandalone target not found
Refreshing native plugins compatible for Editor in 0.68 ms, found 1 plugins.
Preloading 0 native plugins for Editor in 0.00 ms.
Mono: successfully reloaded assembly
- Completed reload, in  0.878 seconds
Platform modules already initialized, skipping
Shader 'Universal Render Pipeline/Particles/Lit': fallback shader 'Universal Render Pipeline/Particles/SimpleLit' not found
Refreshing native plugins compatible for Editor in 0.68 ms, found 1 plugins.
Preloading 0 native plugins for Editor in 0.00 ms.
Unloading 2845 Unused Serialized files (Serialized files now loaded: 0)
System memory in use before: 140.9 MB.
System memory in use after: 141.0 MB.

Unloading 13 unused Assets to reduce memory usage. Loaded Objects now: 3511.
Total: 3.117200 ms (FindLiveObjects: 0.436900 ms CreateObjectMapping: 0.072500 ms MarkObjects: 2.443000 ms  DeleteObjects: 0.163500 ms)

========================================================================
Received Prepare
Registering precompiled user dll's ...
Registered in 0.001770 seconds.
Begin MonoManager ReloadAssembly
Native extension for WindowsStandalone target not found
Refreshing native plugins compatible for Editor in 0.66 ms, found 1 plugins.
Preloading 0 native plugins for Editor in 0.00 ms.
Mono: successfully reloaded assembly
- Completed reload, in  0.870 seconds
Platform modules already initialized, skipping
Shader 'Universal Render Pipeline/Particles/Lit': fallback shader 'Universal Render Pipeline/Particles/SimpleLit' not found
Refreshing native plugins compatible for Editor in 0.67 ms, found 1 plugins.
Preloading 0 native plugins for Editor in 0.00 ms.
Unloading 2845 Unused Serialized files (Serialized files now loaded: 0)
System memory in use before: 140.9 MB.
System memory in use after: 141.0 MB.

Unloading 13 unused Assets to reduce memory usage. Loaded Objects now: 3515.
Total: 3.059600 ms (FindLiveObjects: 0.515400 ms CreateObjectMapping: 0.077900 ms MarkObjects: 2.326200 ms  DeleteObjects: 0.138600 ms)

========================================================================
Received Prepare
Registering precompiled user dll's ...
Registered in 0.001983 seconds.
Begin MonoManager ReloadAssembly
Native extension for WindowsStandalone target not found
Refreshing native plugins compatible for Editor in 0.68 ms, found 1 plugins.
Preloading 0 native plugins for Editor in 0.00 ms.
Mono: successfully reloaded assembly
- Completed reload, in  0.886 seconds
Platform modules already initialized, skipping
Shader 'Universal Render Pipeline/Particles/Lit': fallback shader 'Universal Render Pipeline/Particles/SimpleLit' not found
Refreshing native plugins compatible for Editor in 0.73 ms, found 1 plugins.
Preloading 0 native plugins for Editor in 0.00 ms.
Unloading 2845 Unused Serialized files (Serialized files now loaded: 0)
System memory in use before: 140.9 MB.
System memory in use after: 141.0 MB.

Unloading 13 unused Assets to reduce memory usage. Loaded Objects now: 3519.
Total: 2.783000 ms (FindLiveObjects: 0.413100 ms CreateObjectMapping: 0.072600 ms MarkObjects: 2.157300 ms  DeleteObjects: 0.138800 ms)

========================================================================
Received Prepare
Registering precompiled user dll's ...
Registered in 0.001407 seconds.
Begin MonoManager ReloadAssembly
Native extension for WindowsStandalone target not found
Refreshing native plugins compatible for Editor in 0.65 ms, found 1 plugins.
Preloading 0 native plugins for Editor in 0.00 ms.
Mono: successfully reloaded assembly
- Completed reload, in  0.831 seconds
Platform modules already initialized, skipping
Shader 'Universal Render Pipeline/Particles/Lit': fallback shader 'Universal Render Pipeline/Particles/SimpleLit' not found
Refreshing native plugins compatible for Editor in 0.64 ms, found 1 plugins.
Preloading 0 native plugins for Editor in 0.00 ms.
Unloading 2845 Unused Serialized files (Serialized files now loaded: 0)
System memory in use before: 140.9 MB.
System memory in use after: 141.0 MB.

Unloading 13 unused Assets to reduce memory usage. Loaded Objects now: 3523.
Total: 2.931200 ms (FindLiveObjects: 0.485400 ms CreateObjectMapping: 0.074800 ms MarkObjects: 2.236500 ms  DeleteObjects: 0.133500 ms)

========================================================================
Received Prepare
Registering precompiled user dll's ...
Registered in 0.001578 seconds.
Begin MonoManager ReloadAssembly
Native extension for WindowsStandalone target not found
Refreshing native plugins compatible for Editor in 0.68 ms, found 1 plugins.
Preloading 0 native plugins for Editor in 0.00 ms.
Mono: successfully reloaded assembly
- Completed reload, in  0.860 seconds
Platform modules already initialized, skipping
Shader 'Universal Render Pipeline/Particles/Lit': fallback shader 'Universal Render Pipeline/Particles/SimpleLit' not found
Refreshing native plugins compatible for Editor in 0.73 ms, found 1 plugins.
Preloading 0 native plugins for Editor in 0.00 ms.
Unloading 2845 Unused Serialized files (Serialized files now loaded: 0)
System memory in use before: 140.9 MB.
System memory in use after: 141.0 MB.

Unloading 13 unused Assets to reduce memory usage. Loaded Objects now: 3527.
Total: 2.916500 ms (FindLiveObjects: 0.451600 ms CreateObjectMapping: 0.077000 ms MarkObjects: 2.251000 ms  DeleteObjects: 0.136000 ms)

========================================================================
Received Prepare
Registering precompiled user dll's ...
Registered in 0.001795 seconds.
Begin MonoManager ReloadAssembly
Native extension for WindowsStandalone target not found
Refreshing native plugins compatible for Editor in 1.28 ms, found 1 plugins.
Preloading 0 native plugins for Editor in 0.00 ms.
Mono: successfully reloaded assembly
- Completed reload, in  1.026 seconds
Platform modules already initialized, skipping
Shader 'Universal Render Pipeline/Particles/Lit': fallback shader 'Universal Render Pipeline/Particles/SimpleLit' not found
Refreshing native plugins compatible for Editor in 0.88 ms, found 1 plugins.
Preloading 0 native plugins for Editor in 0.00 ms.
Unloading 2845 Unused Serialized files (Serialized files now loaded: 0)
System memory in use before: 140.9 MB.
System memory in use after: 141.0 MB.

Unloading 13 unused Assets to reduce memory usage. Loaded Objects now: 3531.
Total: 4.047900 ms (FindLiveObjects: 0.632800 ms CreateObjectMapping: 0.101500 ms MarkObjects: 3.164900 ms  DeleteObjects: 0.147100 ms)

========================================================================
Received Import Request.
  Time since last request: 1602.787764 seconds.
  path: ProjectSettings/TagManager.asset
  artifactKey: Guid(00000000000000003000000000000000) Importer(815301076,1909f56bfc062723c751e8b465ee728b)
Start importing ProjectSettings/TagManager.asset using Guid(00000000000000003000000000000000) Importer(815301076,1909f56bfc062723c751e8b465ee728b)  -> (artifact id: '044fa1f0c3d6bc0d737986ff55c5a0eb') in 0.024668 seconds
  Import took 0.030887 seconds .

========================================================================
Received Prepare
Registering precompiled user dll's ...
Registered in 0.001625 seconds.
Begin MonoManager ReloadAssembly
Native extension for WindowsStandalone target not found
Refreshing native plugins compatible for Editor in 0.78 ms, found 1 plugins.
Preloading 0 native plugins for Editor in 0.00 ms.
Mono: successfully reloaded assembly
- Completed reload, in  0.919 seconds
Platform modules already initialized, skipping
Shader 'Universal Render Pipeline/Particles/Lit': fallback shader 'Universal Render Pipeline/Particles/SimpleLit' not found
Refreshing native plugins compatible for Editor in 0.77 ms, found 1 plugins.
Preloading 0 native plugins for Editor in 0.00 ms.
Unloading 2845 Unused Serialized files (Serialized files now loaded: 0)
System memory in use before: 141.0 MB.
System memory in use after: 141.1 MB.

Unloading 14 unused Assets to reduce memory usage. Loaded Objects now: 3535.
Total: 3.197700 ms (FindLiveObjects: 0.565400 ms CreateObjectMapping: 0.084400 ms MarkObjects: 2.396700 ms  DeleteObjects: 0.150200 ms)

========================================================================
Received Prepare
Registering precompiled user dll's ...
Registered in 0.001813 seconds.
Begin MonoManager ReloadAssembly
Native extension for WindowsStandalone target not found
Refreshing native plugins compatible for Editor in 0.74 ms, found 1 plugins.
Preloading 0 native plugins for Editor in 0.00 ms.
Mono: successfully reloaded assembly
- Completed reload, in  0.958 seconds
Platform modules already initialized, skipping
Shader 'Universal Render Pipeline/Particles/Lit': fallback shader 'Universal Render Pipeline/Particles/SimpleLit' not found
Refreshing native plugins compatible for Editor in 0.69 ms, found 1 plugins.
Preloading 0 native plugins for Editor in 0.00 ms.
Unloading 2845 Unused Serialized files (Serialized files now loaded: 0)
System memory in use before: 141.0 MB.
System memory in use after: 141.1 MB.

Unloading 13 unused Assets to reduce memory usage. Loaded Objects now: 3539.
Total: 2.819200 ms (FindLiveObjects: 0.501100 ms CreateObjectMapping: 0.081000 ms MarkObjects: 2.097600 ms  DeleteObjects: 0.138300 ms)

========================================================================
Received Prepare
Registering precompiled user dll's ...
Registered in 0.001617 seconds.
Begin MonoManager ReloadAssembly
Native extension for WindowsStandalone target not found
Refreshing native plugins compatible for Editor in 0.80 ms, found 1 plugins.
Preloading 0 native plugins for Editor in 0.00 ms.
Mono: successfully reloaded assembly
- Completed reload, in  0.920 seconds
Platform modules already initialized, skipping
Shader 'Universal Render Pipeline/Particles/Lit': fallback shader 'Universal Render Pipeline/Particles/SimpleLit' not found
Refreshing native plugins compatible for Editor in 0.68 ms, found 1 plugins.
Preloading 0 native plugins for Editor in 0.00 ms.
Unloading 2845 Unused Serialized files (Serialized files now loaded: 0)
System memory in use before: 141.0 MB.
System memory in use after: 141.1 MB.

Unloading 13 unused Assets to reduce memory usage. Loaded Objects now: 3543.
Total: 7.284800 ms (FindLiveObjects: 1.242900 ms CreateObjectMapping: 0.285000 ms MarkObjects: 5.528900 ms  DeleteObjects: 0.225500 ms)

========================================================================
Received Prepare
Registering precompiled user dll's ...
Registered in 0.001686 seconds.
Begin MonoManager ReloadAssembly
Native extension for WindowsStandalone target not found
Refreshing native plugins compatible for Editor in 0.68 ms, found 1 plugins.
Preloading 0 native plugins for Editor in 0.00 ms.
Mono: successfully reloaded assembly
- Completed reload, in  0.876 seconds
Platform modules already initialized, skipping
Shader 'Universal Render Pipeline/Particles/Lit': fallback shader 'Universal Render Pipeline/Particles/SimpleLit' not found
Refreshing native plugins compatible for Editor in 0.66 ms, found 1 plugins.
Preloading 0 native plugins for Editor in 0.00 ms.
Unloading 2845 Unused Serialized files (Serialized files now loaded: 0)
System memory in use before: 141.0 MB.
System memory in use after: 141.1 MB.

Unloading 13 unused Assets to reduce memory usage. Loaded Objects now: 3547.
Total: 3.297000 ms (FindLiveObjects: 0.445300 ms CreateObjectMapping: 0.072400 ms MarkObjects: 2.636400 ms  DeleteObjects: 0.141400 ms)

========================================================================
Received Prepare
Registering precompiled user dll's ...
Registered in 0.001640 seconds.
Begin MonoManager ReloadAssembly
Native extension for WindowsStandalone target not found
Refreshing native plugins compatible for Editor in 0.75 ms, found 1 plugins.
Preloading 0 native plugins for Editor in 0.00 ms.
Mono: successfully reloaded assembly
- Completed reload, in  0.881 seconds
Platform modules already initialized, skipping
Shader 'Universal Render Pipeline/Particles/Lit': fallback shader 'Universal Render Pipeline/Particles/SimpleLit' not found
Refreshing native plugins compatible for Editor in 0.65 ms, found 1 plugins.
Preloading 0 native plugins for Editor in 0.00 ms.
Unloading 2845 Unused Serialized files (Serialized files now loaded: 0)
System memory in use before: 141.0 MB.
System memory in use after: 141.1 MB.

Unloading 13 unused Assets to reduce memory usage. Loaded Objects now: 3551.
Total: 2.974500 ms (FindLiveObjects: 0.484000 ms CreateObjectMapping: 0.074000 ms MarkObjects: 2.276200 ms  DeleteObjects: 0.138700 ms)

========================================================================
Received Prepare
Registering precompiled user dll's ...
Registered in 0.001639 seconds.
Begin MonoManager ReloadAssembly
Native extension for WindowsStandalone target not found
Refreshing native plugins compatible for Editor in 1.10 ms, found 1 plugins.
Preloading 0 native plugins for Editor in 0.00 ms.
Mono: successfully reloaded assembly
- Completed reload, in  0.881 seconds
Platform modules already initialized, skipping
Shader 'Universal Render Pipeline/Particles/Lit': fallback shader 'Universal Render Pipeline/Particles/SimpleLit' not found
Refreshing native plugins compatible for Editor in 0.72 ms, found 1 plugins.
Preloading 0 native plugins for Editor in 0.00 ms.
Unloading 2845 Unused Serialized files (Serialized files now loaded: 0)
System memory in use before: 141.0 MB.
System memory in use after: 141.1 MB.

Unloading 13 unused Assets to reduce memory usage. Loaded Objects now: 3555.
Total: 3.059200 ms (FindLiveObjects: 0.450300 ms CreateObjectMapping: 0.081000 ms MarkObjects: 2.391400 ms  DeleteObjects: 0.135300 ms)

========================================================================
Received Prepare
Registering precompiled user dll's ...
Registered in 0.003830 seconds.
Begin MonoManager ReloadAssembly
Native extension for WindowsStandalone target not found
Refreshing native plugins compatible for Editor in 0.89 ms, found 1 plugins.
Preloading 0 native plugins for Editor in 0.00 ms.
Mono: successfully reloaded assembly
- Completed reload, in  1.025 seconds
Platform modules already initialized, skipping
Shader 'Universal Render Pipeline/Particles/Lit': fallback shader 'Universal Render Pipeline/Particles/SimpleLit' not found
Refreshing native plugins compatible for Editor in 1.13 ms, found 1 plugins.
Preloading 0 native plugins for Editor in 0.00 ms.
Unloading 2845 Unused Serialized files (Serialized files now loaded: 0)
System memory in use before: 141.0 MB.
System memory in use after: 141.1 MB.

Unloading 13 unused Assets to reduce memory usage. Loaded Objects now: 3559.
Total: 4.704300 ms (FindLiveObjects: 1.290800 ms CreateObjectMapping: 0.080500 ms MarkObjects: 3.183700 ms  DeleteObjects: 0.148000 ms)

========================================================================
Received Prepare
Registering precompiled user dll's ...
Registered in 0.003534 seconds.
Begin MonoManager ReloadAssembly
Native extension for WindowsStandalone target not found
Refreshing native plugins compatible for Editor in 0.76 ms, found 1 plugins.
Preloading 0 native plugins for Editor in 0.00 ms.
Mono: successfully reloaded assembly
- Completed reload, in  1.018 seconds
Platform modules already initialized, skipping
Shader 'Universal Render Pipeline/Particles/Lit': fallback shader 'Universal Render Pipeline/Particles/SimpleLit' not found
Refreshing native plugins compatible for Editor in 0.81 ms, found 1 plugins.
Preloading 0 native plugins for Editor in 0.00 ms.
Unloading 2845 Unused Serialized files (Serialized files now loaded: 0)
System memory in use before: 141.0 MB.
System memory in use after: 141.1 MB.

Unloading 13 unused Assets to reduce memory usage. Loaded Objects now: 3563.
Total: 3.059900 ms (FindLiveObjects: 0.529600 ms CreateObjectMapping: 0.072500 ms MarkObjects: 2.262600 ms  DeleteObjects: 0.194300 ms)

========================================================================
Received Import Request.
  Time since last request: 1301.231387 seconds.
  path: Assets/Animations/UI/EndBattle.anim
  artifactKey: Guid(16c0787654be5ab4f841e6d86af7d873) Importer(815301076,1909f56bfc062723c751e8b465ee728b)
Start importing Assets/Animations/UI/EndBattle.anim using Guid(16c0787654be5ab4f841e6d86af7d873) Importer(815301076,1909f56bfc062723c751e8b465ee728b)  -> (artifact id: '68446d5705552c44b72ef089debfed5e') in 0.020575 seconds
  Import took 0.027669 seconds .

========================================================================
Received Import Request.
  Time since last request: 0.002501 seconds.
  path: Assets/Animations/UI/EndBattle.anim
  artifactKey: Guid(16c0787654be5ab4f841e6d86af7d873) Importer(815301076,1909f56bfc062723c751e8b465ee728b)
Start importing Assets/Animations/UI/EndBattle.anim using Guid(16c0787654be5ab4f841e6d86af7d873) Importer(815301076,1909f56bfc062723c751e8b465ee728b)  -> (artifact id: '68446d5705552c44b72ef089debfed5e') in 0.003513 seconds
  Import took 0.008105 seconds .

AssetImportWorkerClient::OnTransportError - code=2 error=End of file
